Compiling 27 files with Solc 0.8.25
Solc 0.8.25 finished in 2.90s
Compiler run successful!
Analysing contracts...
Running tests...

Ran 10 tests for test/Multisig.t.sol:MultisigTest
[PASS] testAddSigner() (gas: 69574)
[PASS] testConfirmTransaction() (gas: 162951)
[PASS] testDeployment() (gas: 53110)
[PASS] testExecuteTransaction() (gas: 213154)
[PASS] testFailAddSignerNonSigner() (gas: 13623)
[PASS] testFailRemoveSignerBelowMinimum() (gas: 20295)
[PASS] testFailSubmitTransactionNonSigner() (gas: 14932)
[PASS] testRemoveConfirmation() (gas: 130472)
[PASS] testRemoveSigner() (gas: 71461)
[PASS] testSubmitTransaction() (gas: 117068)
Suite result: ok. 10 passed; 0 failed; 0 skipped; finished in 6.05ms (10.86ms CPU time)

Ran 1 test suite in 159.71ms (6.05ms CPU time): 10 tests passed, 0 failed, 0 skipped (10 total tests)
Uncovered for script/Multisig.s.sol:
- Line (location: source ID 24, lines 14..31, bytes 353..860, hits: 0)
- Function "run" (location: source ID 24, lines 14..31, bytes 353..860, hits: 0)
- Line (location: source ID 24, lines 15..16, bytes 385..404, hits: 0)
- Statement (location: source ID 24, lines 15..16, bytes 385..404, hits: 0)
- Line (location: source ID 24, lines 17..18, bytes 415..465, hits: 0)
- Statement (location: source ID 24, lines 17..18, bytes 415..465, hits: 0)
- Statement (location: source ID 24, lines 17..18, bytes 449..465, hits: 0)
- Line (location: source ID 24, lines 18..19, bytes 475..502, hits: 0)
- Statement (location: source ID 24, lines 18..19, bytes 475..502, hits: 0)
- Line (location: source ID 24, lines 19..20, bytes 512..539, hits: 0)
- Statement (location: source ID 24, lines 19..20, bytes 512..539, hits: 0)
- Line (location: source ID 24, lines 20..21, bytes 549..576, hits: 0)
- Statement (location: source ID 24, lines 20..21, bytes 549..576, hits: 0)
- Line (location: source ID 24, lines 22..23, bytes 587..629, hits: 0)
- Statement (location: source ID 24, lines 22..23, bytes 587..629, hits: 0)
- Line (location: source ID 24, lines 24..25, bytes 640..695, hits: 0)
- Statement (location: source ID 24, lines 24..25, bytes 640..695, hits: 0)
- Line (location: source ID 24, lines 25..26, bytes 705..738, hits: 0)
- Statement (location: source ID 24, lines 25..26, bytes 705..738, hits: 0)
- Line (location: source ID 24, lines 26..27, bytes 748..781, hits: 0)
- Statement (location: source ID 24, lines 26..27, bytes 748..781, hits: 0)
- Line (location: source ID 24, lines 27..28, bytes 791..824, hits: 0)
- Statement (location: source ID 24, lines 27..28, bytes 791..824, hits: 0)
- Line (location: source ID 24, lines 29..30, bytes 835..853, hits: 0)
- Statement (location: source ID 24, lines 29..30, bytes 835..853, hits: 0)

Uncovered for src/Multisig.sol:
- Branch (branch: 0, path: 0) (location: source ID 25, lines 51..52, bytes 1877..1922, hits: 0)
- Branch (branch: 1, path: 0) (location: source ID 25, lines 61..62, bytes 2237..2297, hits: 0)
- Branch (branch: 2, path: 0) (location: source ID 25, lines 62..66, bytes 2307..2466, hits: 0)
- Branch (branch: 3, path: 0) (location: source ID 25, lines 69..70, bytes 2579..2626, hits: 0)
- Branch (branch: 4, path: 0) (location: source ID 25, lines 70..71, bytes 2640..2687, hits: 0)
- Branch (branch: 5, path: 0) (location: source ID 25, lines 107..108, bytes 3740..3808, hits: 0)
- Branch (branch: 6, path: 0) (location: source ID 25, lines 109..110, bytes 3883..3961, hits: 0)
- Branch (branch: 7, path: 0) (location: source ID 25, lines 110..111, bytes 3971..4033, hits: 0)
- Branch (branch: 8, path: 0) (location: source ID 25, lines 123..124, bytes 4411..4479, hits: 0)
- Branch (branch: 9, path: 0) (location: source ID 25, lines 125..126, bytes 4554..4627, hits: 0)
- Branch (branch: 10, path: 0) (location: source ID 25, lines 126..127, bytes 4637..4699, hits: 0)
- Branch (branch: 11, path: 0) (location: source ID 25, lines 139..140, bytes 5042..5110, hits: 0)
- Branch (branch: 12, path: 0) (location: source ID 25, lines 141..142, bytes 5185..5272, hits: 0)
- Branch (branch: 13, path: 0) (location: source ID 25, lines 142..143, bytes 5282..5344, hits: 0)
- Branch (branch: 14, path: 0) (location: source ID 25, lines 146..147, bytes 5484..5522, hits: 0)
- Branch (branch: 15, path: 0) (location: source ID 25, lines 156..157, bytes 5757..5807, hits: 0)
- Branch (branch: 16, path: 0) (location: source ID 25, lines 157..158, bytes 5817..5871, hits: 0)
- Branch (branch: 17, path: 0) (location: source ID 25, lines 158..159, bytes 5881..5944, hits: 0)
- Branch (branch: 18, path: 0) (location: source ID 25, lines 171..172, bytes 6263..6312, hits: 0)

Anchors for Contract "CommonBase" (solc 0.8.25, source ID 0):

Anchors for Contract "stdJson" (solc 0.8.25, source ID 7):

Anchors for Contract "ScriptBase" (solc 0.8.25, source ID 0):

Anchors for Contract "MultisigTest" (solc 0.8.25, source ID 26):

Anchors for Contract "IERC721Enumerable" (solc 0.8.25, source ID 19):

Anchors for Contract "MultisigScript" (solc 0.8.25, source ID 24):
- IC 220 -> Item 0
- Creation code
  - Refers to item: Line (location: source ID 24, lines 14..31, bytes 353..860, hits: 0)
- IC 220 -> Item 1
- Creation code
  - Refers to item: Function "run" (location: source ID 24, lines 14..31, bytes 353..860, hits: 0)
- IC 445 -> Item 2
- Creation code
  - Refers to item: Line (location: source ID 24, lines 15..16, bytes 385..404, hits: 0)
- IC 445 -> Item 3
- Creation code
  - Refers to item: Statement (location: source ID 24, lines 15..16, bytes 385..404, hits: 0)
- IC 535 -> Item 4
- Creation code
  - Refers to item: Line (location: source ID 24, lines 17..18, bytes 415..465, hits: 0)
- IC 535 -> Item 5
- Creation code
  - Refers to item: Statement (location: source ID 24, lines 17..18, bytes 415..465, hits: 0)
- IC 536 -> Item 6
- Creation code
  - Refers to item: Statement (location: source ID 24, lines 17..18, bytes 449..465, hits: 0)
- IC 612 -> Item 7
- Creation code
  - Refers to item: Line (location: source ID 24, lines 18..19, bytes 475..502, hits: 0)
- IC 612 -> Item 8
- Creation code
  - Refers to item: Statement (location: source ID 24, lines 18..19, bytes 475..502, hits: 0)
- IC 723 -> Item 9
- Creation code
  - Refers to item: Line (location: source ID 24, lines 19..20, bytes 512..539, hits: 0)
- IC 723 -> Item 10
- Creation code
  - Refers to item: Statement (location: source ID 24, lines 19..20, bytes 512..539, hits: 0)
- IC 835 -> Item 11
- Creation code
  - Refers to item: Line (location: source ID 24, lines 20..21, bytes 549..576, hits: 0)
- IC 835 -> Item 12
- Creation code
  - Refers to item: Statement (location: source ID 24, lines 20..21, bytes 549..576, hits: 0)
- IC 947 -> Item 13
- Creation code
  - Refers to item: Line (location: source ID 24, lines 22..23, bytes 587..629, hits: 0)
- IC 947 -> Item 14
- Creation code
  - Refers to item: Statement (location: source ID 24, lines 22..23, bytes 587..629, hits: 0)
- IC 1063 -> Item 15
- Creation code
  - Refers to item: Line (location: source ID 24, lines 24..25, bytes 640..695, hits: 0)
- IC 1063 -> Item 16
- Creation code
  - Refers to item: Statement (location: source ID 24, lines 24..25, bytes 640..695, hits: 0)
- IC 1160 -> Item 17
- Creation code
  - Refers to item: Line (location: source ID 24, lines 25..26, bytes 705..738, hits: 0)
- IC 1160 -> Item 18
- Creation code
  - Refers to item: Statement (location: source ID 24, lines 25..26, bytes 705..738, hits: 0)
- IC 1256 -> Item 19
- Creation code
  - Refers to item: Line (location: source ID 24, lines 26..27, bytes 748..781, hits: 0)
- IC 1256 -> Item 20
- Creation code
  - Refers to item: Statement (location: source ID 24, lines 26..27, bytes 748..781, hits: 0)
- IC 1352 -> Item 21
- Creation code
  - Refers to item: Line (location: source ID 24, lines 27..28, bytes 791..824, hits: 0)
- IC 1352 -> Item 22
- Creation code
  - Refers to item: Statement (location: source ID 24, lines 27..28, bytes 791..824, hits: 0)
- IC 1483 -> Item 23
- Creation code
  - Refers to item: Line (location: source ID 24, lines 29..30, bytes 835..853, hits: 0)
- IC 1483 -> Item 24
- Creation code
  - Refers to item: Statement (location: source ID 24, lines 29..30, bytes 835..853, hits: 0)

Anchors for Contract "IERC721Metadata" (solc 0.8.25, source ID 19):

Anchors for Contract "StdChains" (solc 0.8.25, source ID 3):

Anchors for Contract "stdError" (solc 0.8.25, source ID 5):

Anchors for Contract "stdToml" (solc 0.8.25, source ID 11):

Anchors for Contract "IERC721TokenReceiver" (solc 0.8.25, source ID 19):

Anchors for Contract "IMulticall3" (solc 0.8.25, source ID 20):

Anchors for Contract "IERC20" (solc 0.8.25, source ID 18):

Anchors for Contract "stdStorage" (solc 0.8.25, source ID 9):

Anchors for Contract "stdStorageSafe" (solc 0.8.25, source ID 9):

Anchors for Contract "Multisig" (solc 0.8.25, source ID 25):
- IC 5 -> Item 31
- Runtime code
  - Refers to item: Line (location: source ID 25, lines 60..78, bytes 2158..2833, hits: 10)
- IC 5 -> Item 32
- Runtime code
  - Refers to item: Function "constructor" (location: source ID 25, lines 60..78, bytes 2158..2833, hits: 10)
- IC 50 -> Item 33
- Runtime code
  - Refers to item: Line (location: source ID 25, lines 61..62, bytes 2237..2297, hits: 10)
- IC 50 -> Item 34
- Runtime code
  - Refers to item: Statement (location: source ID 25, lines 61..62, bytes 2237..2297, hits: 10)
- IC 60 -> Item 35
- Runtime code
  - Refers to item: Branch (branch: 1, path: 0) (location: source ID 25, lines 61..62, bytes 2237..2297, hits: 0)
- IC 118 -> Item 36
- Runtime code
  - Refers to item: Branch (branch: 1, path: 1) (location: source ID 25, lines 61..62, bytes 2237..2297, hits: 10)
- IC 119 -> Item 37
- Runtime code
  - Refers to item: Line (location: source ID 25, lines 62..66, bytes 2307..2466, hits: 10)
- IC 119 -> Item 38
- Runtime code
  - Refers to item: Statement (location: source ID 25, lines 62..66, bytes 2307..2466, hits: 10)
- IC 147 -> Item 39
- Runtime code
  - Refers to item: Branch (branch: 2, path: 0) (location: source ID 25, lines 62..66, bytes 2307..2466, hits: 0)
- IC 205 -> Item 40
- Runtime code
  - Refers to item: Branch (branch: 2, path: 1) (location: source ID 25, lines 62..66, bytes 2307..2466, hits: 10)
- IC 206 -> Item 41
- Runtime code
  - Refers to item: Line (location: source ID 25, lines 67..68, bytes 2482..2495, hits: 10)
- IC 206 -> Item 42
- Runtime code
  - Refers to item: Statement (location: source ID 25, lines 67..68, bytes 2482..2495, hits: 10)
- IC 208 -> Item 43
- Runtime code
  - Refers to item: Statement (location: source ID 25, lines 67..68, bytes 2497..2516, hits: 40)
- IC 675 -> Item 44
- Runtime code
  - Refers to item: Statement (location: source ID 25, lines 67..68, bytes 2518..2521, hits: 30)
- IC 217 -> Item 45
- Runtime code
  - Refers to item: Line (location: source ID 25, lines 68..69, bytes 2537..2565, hits: 30)
- IC 217 -> Item 46
- Runtime code
  - Refers to item: Statement (location: source ID 25, lines 68..69, bytes 2537..2565, hits: 30)
- IC 247 -> Item 47
- Runtime code
  - Refers to item: Line (location: source ID 25, lines 69..70, bytes 2579..2626, hits: 30)
- IC 247 -> Item 48
- Runtime code
  - Refers to item: Statement (location: source ID 25, lines 69..70, bytes 2579..2626, hits: 30)
- IC 298 -> Item 49
- Runtime code
  - Refers to item: Branch (branch: 3, path: 0) (location: source ID 25, lines 69..70, bytes 2579..2626, hits: 0)
- IC 356 -> Item 50
- Runtime code
  - Refers to item: Branch (branch: 3, path: 1) (location: source ID 25, lines 69..70, bytes 2579..2626, hits: 30)
- IC 357 -> Item 51
- Runtime code
  - Refers to item: Line (location: source ID 25, lines 70..71, bytes 2640..2687, hits: 30)
- IC 357 -> Item 52
- Runtime code
  - Refers to item: Statement (location: source ID 25, lines 70..71, bytes 2640..2687, hits: 30)
- IC 436 -> Item 53
- Runtime code
  - Refers to item: Branch (branch: 4, path: 0) (location: source ID 25, lines 70..71, bytes 2640..2687, hits: 0)
- IC 494 -> Item 54
- Runtime code
  - Refers to item: Branch (branch: 4, path: 1) (location: source ID 25, lines 70..71, bytes 2640..2687, hits: 30)
- IC 495 -> Item 55
- Runtime code
  - Refers to item: Line (location: source ID 25, lines 72..73, bytes 2702..2725, hits: 30)
- IC 495 -> Item 56
- Runtime code
  - Refers to item: Statement (location: source ID 25, lines 72..73, bytes 2702..2725, hits: 30)
- IC 579 -> Item 57
- Runtime code
  - Refers to item: Line (location: source ID 25, lines 73..74, bytes 2739..2759, hits: 30)
- IC 579 -> Item 58
- Runtime code
  - Refers to item: Statement (location: source ID 25, lines 73..74, bytes 2739..2759, hits: 30)
- IC 689 -> Item 59
- Runtime code
  - Refers to item: Line (location: source ID 25, lines 76..77, bytes 2780..2826, hits: 10)
- IC 689 -> Item 60
- Runtime code
  - Refers to item: Statement (location: source ID 25, lines 76..77, bytes 2780..2826, hits: 10)
- IC 507 -> Item 25
- Creation code
  - Refers to item: Line (location: source ID 25, lines 50..54, bytes 1845..1940, hits: 2)
- IC 507 -> Item 26
- Creation code
  - Refers to item: Function "onlySigner" (location: source ID 25, lines 50..54, bytes 1845..1940, hits: 2)
- IC 507 -> Item 27
- Creation code
  - Refers to item: Line (location: source ID 25, lines 51..52, bytes 1877..1922, hits: 2)
- IC 507 -> Item 28
- Creation code
  - Refers to item: Statement (location: source ID 25, lines 51..52, bytes 1877..1922, hits: 2)
- IC 4364 -> Item 29
- Creation code
  - Refers to item: Branch (branch: 0, path: 0) (location: source ID 25, lines 51..52, bytes 1877..1922, hits: 0)
- IC 4422 -> Item 30
- Creation code
  - Refers to item: Branch (branch: 0, path: 1) (location: source ID 25, lines 51..52, bytes 1877..1922, hits: 1)
- IC 394 -> Item 61
- Creation code
  - Refers to item: Line (location: source ID 25, lines 85..101, bytes 3041..3550, hits: 5)
- IC 394 -> Item 62
- Creation code
  - Refers to item: Function "submitTransaction" (location: source ID 25, lines 85..101, bytes 3041..3550, hits: 5)
- IC 2569 -> Item 63
- Creation code
  - Refers to item: Line (location: source ID 25, lines 90..91, bytes 3172..3191, hits: 4)
- IC 2569 -> Item 64
- Creation code
  - Refers to item: Statement (location: source ID 25, lines 90..91, bytes 3172..3191, hits: 4)
- IC 2597 -> Item 65
- Creation code
  - Refers to item: Line (location: source ID 25, lines 91..92, bytes 3201..3242, hits: 4)
- IC 2597 -> Item 66
- Creation code
  - Refers to item: Statement (location: source ID 25, lines 91..92, bytes 3201..3242, hits: 4)
- IC 2598 -> Item 67
- Creation code
  - Refers to item: Statement (location: source ID 25, lines 91..92, bytes 3219..3242, hits: 4)
- IC 2618 -> Item 68
- Creation code
  - Refers to item: Line (location: source ID 25, lines 92..93, bytes 3252..3307, hits: 4)
- IC 2618 -> Item 69
- Creation code
  - Refers to item: Statement (location: source ID 25, lines 92..93, bytes 3252..3307, hits: 4)
- IC 2653 -> Item 70
- Creation code
  - Refers to item: Line (location: source ID 25, lines 93..94, bytes 3317..3336, hits: 4)
- IC 2653 -> Item 71
- Creation code
  - Refers to item: Statement (location: source ID 25, lines 93..94, bytes 3317..3336, hits: 4)
- IC 2718 -> Item 72
- Creation code
  - Refers to item: Line (location: source ID 25, lines 94..95, bytes 3346..3371, hits: 4)
- IC 2718 -> Item 73
- Creation code
  - Refers to item: Statement (location: source ID 25, lines 94..95, bytes 3346..3371, hits: 4)
- IC 2727 -> Item 74
- Creation code
  - Refers to item: Line (location: source ID 25, lines 95..96, bytes 3381..3404, hits: 4)
- IC 2727 -> Item 75
- Creation code
  - Refers to item: Statement (location: source ID 25, lines 95..96, bytes 3381..3404, hits: 4)
- IC 2745 -> Item 76
- Creation code
  - Refers to item: Line (location: source ID 25, lines 96..97, bytes 3414..3443, hits: 4)
- IC 2745 -> Item 77
- Creation code
  - Refers to item: Statement (location: source ID 25, lines 96..97, bytes 3414..3443, hits: 4)
- IC 2773 -> Item 78
- Creation code
  - Refers to item: Line (location: source ID 25, lines 97..98, bytes 3453..3481, hits: 4)
- IC 2773 -> Item 79
- Creation code
  - Refers to item: Statement (location: source ID 25, lines 97..98, bytes 3453..3481, hits: 4)
- IC 2801 -> Item 80
- Creation code
  - Refers to item: Line (location: source ID 25, lines 99..100, bytes 3492..3543, hits: 4)
- IC 2801 -> Item 81
- Creation code
  - Refers to item: Statement (location: source ID 25, lines 99..100, bytes 3492..3543, hits: 4)
- IC 366 -> Item 82
- Creation code
  - Refers to item: Line (location: source ID 25, lines 106..117, bytes 3667..4187, hits: 4)
- IC 366 -> Item 83
- Creation code
  - Refers to item: Function "confirmTransaction" (location: source ID 25, lines 106..117, bytes 3667..4187, hits: 4)
- IC 1888 -> Item 84
- Creation code
  - Refers to item: Line (location: source ID 25, lines 107..108, bytes 3740..3808, hits: 4)
- IC 1888 -> Item 85
- Creation code
  - Refers to item: Statement (location: source ID 25, lines 107..108, bytes 3740..3808, hits: 4)
- IC 1900 -> Item 86
- Creation code
  - Refers to item: Branch (branch: 5, path: 0) (location: source ID 25, lines 107..108, bytes 3740..3808, hits: 0)
- IC 1958 -> Item 87
- Creation code
  - Refers to item: Branch (branch: 5, path: 1) (location: source ID 25, lines 107..108, bytes 3740..3808, hits: 4)
- IC 1959 -> Item 88
- Creation code
  - Refers to item: Line (location: source ID 25, lines 108..109, bytes 3818..3873, hits: 4)
- IC 1959 -> Item 89
- Creation code
  - Refers to item: Statement (location: source ID 25, lines 108..109, bytes 3818..3873, hits: 4)
- IC 1994 -> Item 90
- Creation code
  - Refers to item: Line (location: source ID 25, lines 109..110, bytes 3883..3961, hits: 4)
- IC 1994 -> Item 91
- Creation code
  - Refers to item: Statement (location: source ID 25, lines 109..110, bytes 3883..3961, hits: 4)
- IC 2075 -> Item 92
- Creation code
  - Refers to item: Branch (branch: 6, path: 0) (location: source ID 25, lines 109..110, bytes 3883..3961, hits: 0)
- IC 2133 -> Item 93
- Creation code
  - Refers to item: Branch (branch: 6, path: 1) (location: source ID 25, lines 109..110, bytes 3883..3961, hits: 4)
- IC 2134 -> Item 94
- Creation code
  - Refers to item: Line (location: source ID 25, lines 110..111, bytes 3971..4033, hits: 4)
- IC 2134 -> Item 95
- Creation code
  - Refers to item: Statement (location: source ID 25, lines 110..111, bytes 3971..4033, hits: 4)
- IC 2157 -> Item 96
- Creation code
  - Refers to item: Branch (branch: 7, path: 0) (location: source ID 25, lines 110..111, bytes 3971..4033, hits: 0)
- IC 2215 -> Item 97
- Creation code
  - Refers to item: Branch (branch: 7, path: 1) (location: source ID 25, lines 110..111, bytes 3971..4033, hits: 4)
- IC 2216 -> Item 98
- Creation code
  - Refers to item: Line (location: source ID 25, lines 112..113, bytes 4044..4086, hits: 4)
- IC 2216 -> Item 99
- Creation code
  - Refers to item: Statement (location: source ID 25, lines 112..113, bytes 4044..4086, hits: 4)
- IC 2303 -> Item 100
- Creation code
  - Refers to item: Line (location: source ID 25, lines 113..114, bytes 4096..4123, hits: 4)
- IC 2303 -> Item 101
- Creation code
  - Refers to item: Statement (location: source ID 25, lines 113..114, bytes 4096..4123, hits: 4)
- IC 2360 -> Item 102
- Creation code
  - Refers to item: Line (location: source ID 25, lines 115..116, bytes 4134..4180, hits: 4)
- IC 2360 -> Item 103
- Creation code
  - Refers to item: Statement (location: source ID 25, lines 115..116, bytes 4134..4180, hits: 4)
- IC 422 -> Item 104
- Creation code
  - Refers to item: Line (location: source ID 25, lines 122..133, bytes 4338..4852, hits: 1)
- IC 422 -> Item 105
- Creation code
  - Refers to item: Function "removeConfirmation" (location: source ID 25, lines 122..133, bytes 4338..4852, hits: 1)
- IC 3026 -> Item 106
- Creation code
  - Refers to item: Line (location: source ID 25, lines 123..124, bytes 4411..4479, hits: 1)
- IC 3026 -> Item 107
- Creation code
  - Refers to item: Statement (location: source ID 25, lines 123..124, bytes 4411..4479, hits: 1)
- IC 3038 -> Item 108
- Creation code
  - Refers to item: Branch (branch: 8, path: 0) (location: source ID 25, lines 123..124, bytes 4411..4479, hits: 0)
- IC 3096 -> Item 109
- Creation code
  - Refers to item: Branch (branch: 8, path: 1) (location: source ID 25, lines 123..124, bytes 4411..4479, hits: 1)
- IC 3097 -> Item 110
- Creation code
  - Refers to item: Line (location: source ID 25, lines 124..125, bytes 4489..4544, hits: 1)
- IC 3097 -> Item 111
- Creation code
  - Refers to item: Statement (location: source ID 25, lines 124..125, bytes 4489..4544, hits: 1)
- IC 3132 -> Item 112
- Creation code
  - Refers to item: Line (location: source ID 25, lines 125..126, bytes 4554..4627, hits: 1)
- IC 3132 -> Item 113
- Creation code
  - Refers to item: Statement (location: source ID 25, lines 125..126, bytes 4554..4627, hits: 1)
- IC 3212 -> Item 114
- Creation code
  - Refers to item: Branch (branch: 9, path: 0) (location: source ID 25, lines 125..126, bytes 4554..4627, hits: 0)
- IC 3270 -> Item 115
- Creation code
  - Refers to item: Branch (branch: 9, path: 1) (location: source ID 25, lines 125..126, bytes 4554..4627, hits: 1)
- IC 3271 -> Item 116
- Creation code
  - Refers to item: Line (location: source ID 25, lines 126..127, bytes 4637..4699, hits: 1)
- IC 3271 -> Item 117
- Creation code
  - Refers to item: Statement (location: source ID 25, lines 126..127, bytes 4637..4699, hits: 1)
- IC 3294 -> Item 118
- Creation code
  - Refers to item: Branch (branch: 10, path: 0) (location: source ID 25, lines 126..127, bytes 4637..4699, hits: 0)
- IC 3352 -> Item 119
- Creation code
  - Refers to item: Branch (branch: 10, path: 1) (location: source ID 25, lines 126..127, bytes 4637..4699, hits: 1)
- IC 3353 -> Item 120
- Creation code
  - Refers to item: Line (location: source ID 25, lines 128..129, bytes 4710..4753, hits: 1)
- IC 3353 -> Item 121
- Creation code
  - Refers to item: Statement (location: source ID 25, lines 128..129, bytes 4710..4753, hits: 1)
- IC 3439 -> Item 122
- Creation code
  - Refers to item: Line (location: source ID 25, lines 129..130, bytes 4763..4790, hits: 1)
- IC 3439 -> Item 123
- Creation code
  - Refers to item: Statement (location: source ID 25, lines 129..130, bytes 4763..4790, hits: 1)
- IC 3496 -> Item 124
- Creation code
  - Refers to item: Line (location: source ID 25, lines 131..132, bytes 4801..4845, hits: 1)
- IC 3496 -> Item 125
- Creation code
  - Refers to item: Statement (location: source ID 25, lines 131..132, bytes 4801..4845, hits: 1)
- IC 478 -> Item 126
- Creation code
  - Refers to item: Line (location: source ID 25, lines 138..150, bytes 4969..5573, hits: 1)
- IC 478 -> Item 127
- Creation code
  - Refers to item: Function "executeTransaction" (location: source ID 25, lines 138..150, bytes 4969..5573, hits: 1)
- IC 4423 -> Item 128
- Creation code
  - Refers to item: Line (location: source ID 25, lines 139..140, bytes 5042..5110, hits: 1)
- IC 4423 -> Item 129
- Creation code
  - Refers to item: Statement (location: source ID 25, lines 139..140, bytes 5042..5110, hits: 1)
- IC 4435 -> Item 130
- Creation code
  - Refers to item: Branch (branch: 11, path: 0) (location: source ID 25, lines 139..140, bytes 5042..5110, hits: 0)
- IC 4493 -> Item 131
- Creation code
  - Refers to item: Branch (branch: 11, path: 1) (location: source ID 25, lines 139..140, bytes 5042..5110, hits: 1)
- IC 4494 -> Item 132
- Creation code
  - Refers to item: Line (location: source ID 25, lines 140..141, bytes 5120..5175, hits: 1)
- IC 4494 -> Item 133
- Creation code
  - Refers to item: Statement (location: source ID 25, lines 140..141, bytes 5120..5175, hits: 1)
- IC 4529 -> Item 134
- Creation code
  - Refers to item: Line (location: source ID 25, lines 141..142, bytes 5185..5272, hits: 1)
- IC 4529 -> Item 135
- Creation code
  - Refers to item: Statement (location: source ID 25, lines 141..142, bytes 5185..5272, hits: 1)
- IC 4573 -> Item 136
- Creation code
  - Refers to item: Branch (branch: 12, path: 0) (location: source ID 25, lines 141..142, bytes 5185..5272, hits: 0)
- IC 4631 -> Item 137
- Creation code
  - Refers to item: Branch (branch: 12, path: 1) (location: source ID 25, lines 141..142, bytes 5185..5272, hits: 1)
- IC 4632 -> Item 138
- Creation code
  - Refers to item: Line (location: source ID 25, lines 142..143, bytes 5282..5344, hits: 1)
- IC 4632 -> Item 139
- Creation code
  - Refers to item: Statement (location: source ID 25, lines 142..143, bytes 5282..5344, hits: 1)
- IC 4655 -> Item 140
- Creation code
  - Refers to item: Branch (branch: 13, path: 0) (location: source ID 25, lines 142..143, bytes 5282..5344, hits: 0)
- IC 4713 -> Item 141
- Creation code
  - Refers to item: Branch (branch: 13, path: 1) (location: source ID 25, lines 142..143, bytes 5282..5344, hits: 1)
- IC 4714 -> Item 142
- Creation code
  - Refers to item: Line (location: source ID 25, lines 144..145, bytes 5355..5382, hits: 1)
- IC 4714 -> Item 143
- Creation code
  - Refers to item: Statement (location: source ID 25, lines 144..145, bytes 5355..5382, hits: 1)
- IC 4743 -> Item 144
- Creation code
  - Refers to item: Line (location: source ID 25, lines 145..146, bytes 5392..5474, hits: 1)
- IC 4743 -> Item 145
- Creation code
  - Refers to item: Statement (location: source ID 25, lines 145..146, bytes 5392..5474, hits: 1)
- IC 4744 -> Item 146
- Creation code
  - Refers to item: Statement (location: source ID 25, lines 145..146, bytes 5411..5474, hits: 1)
- IC 4890 -> Item 147
- Creation code
  - Refers to item: Line (location: source ID 25, lines 146..147, bytes 5484..5522, hits: 1)
- IC 4890 -> Item 148
- Creation code
  - Refers to item: Statement (location: source ID 25, lines 146..147, bytes 5484..5522, hits: 1)
- IC 4895 -> Item 149
- Creation code
  - Refers to item: Branch (branch: 14, path: 0) (location: source ID 25, lines 146..147, bytes 5484..5522, hits: 0)
- IC 4953 -> Item 150
- Creation code
  - Refers to item: Branch (branch: 14, path: 1) (location: source ID 25, lines 146..147, bytes 5484..5522, hits: 1)
- IC 4954 -> Item 151
- Creation code
  - Refers to item: Line (location: source ID 25, lines 148..149, bytes 5533..5566, hits: 1)
- IC 4954 -> Item 152
- Creation code
  - Refers to item: Statement (location: source ID 25, lines 148..149, bytes 5533..5566, hits: 1)
- IC 450 -> Item 153
- Creation code
  - Refers to item: Line (location: source ID 25, lines 155..165, bytes 5691..6059, hits: 3)
- IC 450 -> Item 154
- Creation code
  - Refers to item: Function "addSigner" (location: source ID 25, lines 155..165, bytes 5691..6059, hits: 3)
- IC 3705 -> Item 155
- Creation code
  - Refers to item: Line (location: source ID 25, lines 156..157, bytes 5757..5807, hits: 2)
- IC 3705 -> Item 156
- Creation code
  - Refers to item: Statement (location: source ID 25, lines 156..157, bytes 5757..5807, hits: 2)
- IC 3756 -> Item 157
- Creation code
  - Refers to item: Branch (branch: 15, path: 0) (location: source ID 25, lines 156..157, bytes 5757..5807, hits: 0)
- IC 3814 -> Item 158
- Creation code
  - Refers to item: Branch (branch: 15, path: 1) (location: source ID 25, lines 156..157, bytes 5757..5807, hits: 2)
- IC 3815 -> Item 159
- Creation code
  - Refers to item: Line (location: source ID 25, lines 157..158, bytes 5817..5871, hits: 2)
- IC 3815 -> Item 160
- Creation code
  - Refers to item: Statement (location: source ID 25, lines 157..158, bytes 5817..5871, hits: 2)
- IC 3894 -> Item 161
- Creation code
  - Refers to item: Branch (branch: 16, path: 0) (location: source ID 25, lines 157..158, bytes 5817..5871, hits: 0)
- IC 3952 -> Item 162
- Creation code
  - Refers to item: Branch (branch: 16, path: 1) (location: source ID 25, lines 157..158, bytes 5817..5871, hits: 2)
- IC 3953 -> Item 163
- Creation code
  - Refers to item: Line (location: source ID 25, lines 158..159, bytes 5881..5944, hits: 2)
- IC 3953 -> Item 164
- Creation code
  - Refers to item: Statement (location: source ID 25, lines 158..159, bytes 5881..5944, hits: 2)
- IC 3978 -> Item 165
- Creation code
  - Refers to item: Branch (branch: 17, path: 0) (location: source ID 25, lines 158..159, bytes 5881..5944, hits: 0)
- IC 4036 -> Item 166
- Creation code
  - Refers to item: Branch (branch: 17, path: 1) (location: source ID 25, lines 158..159, bytes 5881..5944, hits: 2)
- IC 4037 -> Item 167
- Creation code
  - Refers to item: Line (location: source ID 25, lines 160..161, bytes 5955..5981, hits: 2)
- IC 4037 -> Item 168
- Creation code
  - Refers to item: Statement (location: source ID 25, lines 160..161, bytes 5955..5981, hits: 2)
- IC 4121 -> Item 169
- Creation code
  - Refers to item: Line (location: source ID 25, lines 161..162, bytes 5991..6014, hits: 2)
- IC 4121 -> Item 170
- Creation code
  - Refers to item: Statement (location: source ID 25, lines 161..162, bytes 5991..6014, hits: 2)
- IC 4216 -> Item 171
- Creation code
  - Refers to item: Line (location: source ID 25, lines 163..164, bytes 6025..6052, hits: 2)
- IC 4216 -> Item 172
- Creation code
  - Refers to item: Statement (location: source ID 25, lines 163..164, bytes 6025..6052, hits: 2)
- IC 160 -> Item 173
- Creation code
  - Refers to item: Line (location: source ID 25, lines 170..186, bytes 6189..6720, hits: 2)
- IC 160 -> Item 174
- Creation code
  - Refers to item: Function "removeSigner" (location: source ID 25, lines 170..186, bytes 6189..6720, hits: 2)
- IC 644 -> Item 175
- Creation code
  - Refers to item: Line (location: source ID 25, lines 171..172, bytes 6263..6312, hits: 2)
- IC 644 -> Item 176
- Creation code
  - Refers to item: Statement (location: source ID 25, lines 171..172, bytes 6263..6312, hits: 2)
- IC 722 -> Item 177
- Creation code
  - Refers to item: Branch (branch: 18, path: 0) (location: source ID 25, lines 171..172, bytes 6263..6312, hits: 0)
- IC 780 -> Item 178
- Creation code
  - Refers to item: Branch (branch: 18, path: 1) (location: source ID 25, lines 171..172, bytes 6263..6312, hits: 2)
- IC 781 -> Item 179
- Creation code
  - Refers to item: Line (location: source ID 25, lines 172..173, bytes 6322..6385, hits: 2)
- IC 781 -> Item 180
- Creation code
  - Refers to item: Statement (location: source ID 25, lines 172..173, bytes 6322..6385, hits: 2)
- IC 806 -> Item 181
- Creation code
  - Refers to item: Branch (branch: 19, path: 0) (location: source ID 25, lines 172..173, bytes 6322..6385, hits: 1)
- IC 864 -> Item 182
- Creation code
  - Refers to item: Branch (branch: 19, path: 1) (location: source ID 25, lines 172..173, bytes 6322..6385, hits: 1)
- IC 865 -> Item 183
- Creation code
  - Refers to item: Line (location: source ID 25, lines 174..175, bytes 6396..6428, hits: 1)
- IC 865 -> Item 184
- Creation code
  - Refers to item: Statement (location: source ID 25, lines 174..175, bytes 6396..6428, hits: 1)
- IC 949 -> Item 185
- Creation code
  - Refers to item: Line (location: source ID 25, lines 176..177, bytes 6444..6457, hits: 1)
- IC 949 -> Item 186
- Creation code
  - Refers to item: Statement (location: source ID 25, lines 176..177, bytes 6444..6457, hits: 1)
- IC 951 -> Item 187
- Creation code
  - Refers to item: Statement (location: source ID 25, lines 176..177, bytes 6459..6477, hits: 3)
- IC 1307 -> Item 188
- Creation code
  - Refers to item: Statement (location: source ID 25, lines 176..177, bytes 6479..6482, hits: 2)
- IC 963 -> Item 189
- Creation code
  - Refers to item: Line (location: source ID 25, lines 177..178, bytes 6502..6530, hits: 3)
- IC 963 -> Item 190
- Creation code
  - Refers to item: Statement (location: source ID 25, lines 177..178, bytes 6502..6530, hits: 3)
- IC 1072 -> Item 191
- Creation code
  - Refers to item: Branch (branch: 20, path: 0) (location: source ID 25, lines 177..182, bytes 6532..6659, hits: 1)
- IC 1072 -> Item 192
- Creation code
  - Refers to item: Line (location: source ID 25, lines 178..179, bytes 6550..6590, hits: 1)
- IC 1072 -> Item 193
- Creation code
  - Refers to item: Statement (location: source ID 25, lines 178..179, bytes 6550..6590, hits: 1)
- IC 1235 -> Item 194
- Creation code
  - Refers to item: Line (location: source ID 25, lines 179..180, bytes 6608..6621, hits: 1)
- IC 1235 -> Item 195
- Creation code
  - Refers to item: Statement (location: source ID 25, lines 179..180, bytes 6608..6621, hits: 1)
- IC 1302 -> Item 196
- Creation code
  - Refers to item: Line (location: source ID 25, lines 180..181, bytes 6639..6644, hits: 1)
- IC 1302 -> Item 197
- Creation code
  - Refers to item: Statement (location: source ID 25, lines 180..181, bytes 6639..6644, hits: 1)
- IC 1321 -> Item 198
- Creation code
  - Refers to item: Line (location: source ID 25, lines 184..185, bytes 6679..6713, hits: 1)
- IC 1321 -> Item 199
- Creation code
  - Refers to item: Statement (location: source ID 25, lines 184..185, bytes 6679..6713, hits: 1)

Anchors for Contract "MockERC20" (solc 0.8.25, source ID 21):

Anchors for Contract "StdStyle" (solc 0.8.25, source ID 10):

Anchors for Contract "stdMath" (solc 0.8.25, source ID 8):

Anchors for Contract "StdInvariant" (solc 0.8.25, source ID 6):

Anchors for Contract "StdUtils" (solc 0.8.25, source ID 12):

Anchors for Contract "VmSafe" (solc 0.8.25, source ID 14):

Anchors for Contract "Test" (solc 0.8.25, source ID 13):

Anchors for Contract "IERC165" (solc 0.8.25, source ID 17):

Anchors for Contract "Vm" (solc 0.8.25, source ID 14):

Anchors for Contract "Script" (solc 0.8.25, source ID 1):

Anchors for Contract "StdCheatsSafe" (solc 0.8.25, source ID 4):

Anchors for Contract "StdCheats" (solc 0.8.25, source ID 4):

Anchors for Contract "StdAssertions" (solc 0.8.25, source ID 2):

Anchors for Contract "MockERC721" (solc 0.8.25, source ID 22):

Anchors for Contract "TestBase" (solc 0.8.25, source ID 0):

Anchors for Contract "IERC721" (solc 0.8.25, source ID 19):

Anchors for Contract "safeconsole" (solc 0.8.25, source ID 23):

Anchors for Contract "console" (solc 0.8.25, source ID 15):

